I, [2014-09-25T22:08:40.493095 #4540]  INFO -- : max231194@gmail.com archivated nulla
I, [2014-09-25T22:11:17.098141 #4540]  INFO -- : max231194@gmail.com published aliquid
I, [2014-09-25T22:11:18.473195 #4540]  INFO -- : max231194@gmail.com published nulla
I, [2014-09-25T22:12:14.255002 #4540]  INFO -- : Admin accepted officia
I, [2014-09-25T22:12:17.742672 #4540]  INFO -- : Admin accepted placeat
I, [2014-09-25T22:12:21.254644 #4540]  INFO -- : Admin accepted aliquid
I, [2014-09-25T22:12:25.160445 #4540]  INFO -- : Admin accepted nulla
I, [2014-09-25T22:50:00.270465 #4540]  INFO -- : max231194@gmail.com archivated qui
I, [2014-09-25T22:50:04.707356 #4540]  INFO -- : max231194@gmail.com published qui
I, [2014-09-25T22:50:31.810272 #4540]  INFO -- : Admin rejected qui
I, [2014-09-25T22:53:10.134743 #4540]  INFO -- : max231194@gmail.com updated qui
I, [2014-09-25T22:53:16.669331 #4540]  INFO -- : max231194@gmail.com published qui
I, [2014-09-25T23:23:07.607159 #4540]  INFO -- : max231194@gmail.com updated officia
I, [2014-09-25T23:23:55.967503 #4540]  INFO -- : max231194@gmail.com updated officia
I, [2014-09-25T23:24:44.359739 #4540]  INFO -- : max231194@gmail.com updated officia
I, [2014-09-25T23:25:16.987425 #4540]  INFO -- : max231194@gmail.com updated officia
I, [2014-09-25T23:25:29.934012 #4540]  INFO -- : max231194@gmail.com published officia
I, [2014-09-26T01:44:46.234467 #12338]  INFO -- : max231194@gmail.com published iusto
I, [2014-09-26T01:44:47.666744 #12338]  INFO -- : max231194@gmail.com published eum
I, [2014-09-26T01:44:51.427362 #12338]  INFO -- : max231194@gmail.com published exercitationem
I, [2014-09-26T01:45:18.540434 #12338]  INFO -- : change@me-298663516-twitter.com published labore
I, [2014-09-26T01:45:19.606605 #12338]  INFO -- : change@me-298663516-twitter.com published magnam
I, [2014-09-26T01:45:22.934018 #12338]  INFO -- : change@me-298663516-twitter.com published autem
I, [2014-09-26T01:45:41.969395 #12338]  INFO -- : change@me-56320099-vkontakte.com published delectus
I, [2014-09-26T01:45:43.436206 #12338]  INFO -- : change@me-56320099-vkontakte.com published dolorum
I, [2014-09-26T01:45:47.529445 #12338]  INFO -- : change@me-56320099-vkontakte.com published ab
I, [2014-09-26T01:47:32.045242 #12338]  INFO -- : Admin accepted iusto
I, [2014-09-26T01:47:38.848469 #12338]  INFO -- : Admin accepted eum
I, [2014-09-26T01:47:44.562027 #12338]  INFO -- : Admin accepted exercitationem
I, [2014-09-26T01:47:49.697609 #12338]  INFO -- : Admin accepted labore
I, [2014-09-26T01:47:54.357332 #12338]  INFO -- : Admin accepted magnam
I, [2014-09-26T01:47:58.615954 #12338]  INFO -- : Admin accepted autem
I, [2014-09-26T01:48:03.765032 #12338]  INFO -- : Admin accepted delectus
I, [2014-09-26T01:58:14.096616 #12338]  INFO -- : Admin accepted dolorum
I, [2014-09-26T01:59:05.473623 #12338]  INFO -- : Admin accepted ab
I, [2014-09-26T02:01:10.338889 #12338]  INFO -- : max231194@gmail.com published fkwefmkwemfkwemf
I, [2014-09-26T02:01:12.135946 #12338]  INFO -- : max231194@gmail.com published eefewferferfe
I, [2014-09-26T02:03:22.790813 #12338]  INFO -- : Admin accepted fkwefmkwemfkwemf
I, [2014-09-26T02:06:34.664738 #12338]  INFO -- : Admin accepted eefewferferfe
I, [2014-09-26T02:07:30.205211 #12338]  INFO -- : max231194@gmail.com updated eum
I, [2014-09-26T02:07:38.233678 #12338]  INFO -- : max231194@gmail.com published eum
I, [2014-09-26T02:07:41.021353 #12338]  INFO -- : max231194@gmail.com archivated iusto
I, [2014-09-26T02:07:47.720694 #12338]  INFO -- : max231194@gmail.com archivated eefewferferfe
I, [2014-09-26T02:07:48.964669 #12338]  INFO -- : max231194@gmail.com archivated fkwefmkwemfkwemf
I, [2014-09-26T02:07:55.033128 #12338]  INFO -- : max231194@gmail.com published fkwefmkwemfkwemf
I, [2014-09-26T02:07:56.286669 #12338]  INFO -- : max231194@gmail.com published eefewferferfe
I, [2014-09-26T02:08:00.446697 #12338]  INFO -- : max231194@gmail.com published iusto
I, [2014-09-26T02:08:27.150210 #12338]  INFO -- : Admin accepted eum
I, [2014-09-26T02:10:22.760054 #12338]  INFO -- : Admin accepted fkwefmkwemfkwemf
I, [2014-09-26T02:10:57.052046 #12338]  INFO -- : Admin accepted eefewferferfe
I, [2014-09-26T02:11:20.981687 #12338]  INFO -- : Admin accepted iusto
I, [2014-09-26T02:13:09.383039 #12338]  INFO -- : change@me-298663516-twitter.com archivated labore
I, [2014-09-26T02:13:10.528413 #12338]  INFO -- : change@me-298663516-twitter.com archivated magnam
I, [2014-09-26T02:13:14.044933 #12338]  INFO -- : change@me-298663516-twitter.com archivated autem
I, [2014-09-26T02:13:18.660019 #12338]  INFO -- : change@me-298663516-twitter.com published autem
I, [2014-09-26T02:13:19.747974 #12338]  INFO -- : change@me-298663516-twitter.com published magnam
I, [2014-09-26T02:13:23.676984 #12338]  INFO -- : change@me-298663516-twitter.com published labore
I, [2014-09-26T02:17:50.231903 #12338]  INFO -- : Admin accepted autem
I, [2014-09-26T02:32:41.635115 #12338]  INFO -- : Admin accepted magnam
I, [2014-09-26T02:33:36.573959 #12338]  INFO -- : Admin accepted labore
I, [2014-09-26T02:35:14.035597 #12338]  INFO -- : max231194@gmail.com archivated fkwefmkwemfkwemf
I, [2014-09-26T02:36:25.873234 #12338]  INFO -- : max231194@gmail.com archivated eefewferferfe
I, [2014-09-26T02:36:35.170023 #12338]  INFO -- : max231194@gmail.com archivated iusto
I, [2014-09-26T02:37:44.006101 #12338]  INFO -- : max231194@gmail.com published fkwefmkwemfkwemf
I, [2014-09-26T02:37:47.857984 #12338]  INFO -- : max231194@gmail.com archivated fkwefmkwemfkwemf
I, [2014-09-26T02:37:51.485821 #12338]  INFO -- : max231194@gmail.com published fkwefmkwemfkwemf
I, [2014-09-26T02:37:58.963412 #12338]  INFO -- : max231194@gmail.com published iusto
I, [2014-09-26T02:38:00.205520 #12338]  INFO -- : max231194@gmail.com published eefewferferfe
I, [2014-10-02T01:43:34.035773 #8095]  INFO -- : max231194@gmail.com published molestiae
I, [2014-10-02T01:43:37.885157 #8095]  INFO -- : max231194@gmail.com published tenetur
I, [2014-10-02T01:43:42.022995 #8095]  INFO -- : max231194@gmail.com published eius
I, [2014-10-02T01:46:19.727473 #8095]  INFO -- : Admin accepted molestiae
I, [2014-10-02T01:46:21.813313 #8095]  INFO -- : Admin accepted tenetur
I, [2014-10-02T01:46:23.743890 #8095]  INFO -- : Admin accepted eius
I, [2014-10-02T19:07:52.525338 #5005]  INFO -- : max231194@gmail.com published ratione
I, [2014-10-02T19:07:54.189384 #5005]  INFO -- : max231194@gmail.com archivated ratione
I, [2014-10-02T19:07:56.408204 #5005]  INFO -- : max231194@gmail.com published velit
I, [2014-10-02T19:08:01.344885 #5005]  INFO -- : max231194@gmail.com published aut
I, [2014-10-02T19:08:06.725621 #5005]  INFO -- : max231194@gmail.com published ratione
I, [2014-10-02T19:08:38.965037 #5005]  INFO -- : Admin accepted velit
I, [2014-10-02T19:08:41.083571 #5005]  INFO -- : Admin accepted aut
I, [2014-10-02T19:08:42.614749 #5005]  INFO -- : Admin accepted ratione
I, [2014-10-02T22:35:09.021348 #5167]  INFO -- : max231194@gmail.com published quaerat
I, [2014-10-02T22:35:12.460970 #5167]  INFO -- : max231194@gmail.com published nemo
I, [2014-10-02T22:35:14.213716 #5167]  INFO -- : max231194@gmail.com published possimus
I, [2014-10-02T22:35:20.060341 #5167]  INFO -- : max231194@gmail.com published ratione
I, [2014-10-02T22:35:49.182064 #5167]  INFO -- : Admin accepted quaerat
I, [2014-10-02T22:35:50.547102 #5167]  INFO -- : Admin accepted nemo
I, [2014-10-02T22:35:51.767313 #5167]  INFO -- : Admin accepted possimus
I, [2014-10-02T22:35:52.887740 #5167]  INFO -- : Admin accepted ratione
I, [2014-10-03T01:00:55.519063 #5167]  INFO -- : max231194@gmail.com updated quaerat
I, [2014-10-03T01:10:14.975692 #5167]  INFO -- : max231194@gmail.com updated quaerat
I, [2014-10-03T01:11:21.967471 #5167]  INFO -- : max231194@gmail.com updated quaerat
I, [2014-10-03T01:11:46.600325 #5167]  INFO -- : max231194@gmail.com updated quaerat
I, [2014-10-03T01:12:12.573085 #5167]  INFO -- : max231194@gmail.com updated 
I, [2014-10-03T01:13:44.242833 #5167]  INFO -- : max231194@gmail.com updated possimus
I, [2014-10-03T01:16:49.576408 #5167]  INFO -- : max231194@gmail.com updated 
I, [2014-10-03T01:29:02.154890 #5167]  INFO -- : max231194@gmail.com updated quaerat
I, [2014-10-03T01:29:10.879683 #5167]  INFO -- : max231194@gmail.com updated quaerat
I, [2014-10-03T10:52:11.095788 #5167]  INFO -- : max231194@gmail.com updated quaerat
I, [2014-10-03T11:19:33.358159 #26578]  INFO -- : max231194@gmail.com updated ratione
I, [2014-10-03T20:12:45.347761 #5642]  INFO -- : max231194@gmail.com published quaerat
I, [2014-10-03T20:12:46.555507 #5642]  INFO -- : max231194@gmail.com published nemo
I, [2014-10-03T20:12:52.015286 #5642]  INFO -- : max231194@gmail.com published possimus
I, [2014-10-03T20:12:58.194505 #5642]  INFO -- : max231194@gmail.com published ratione
I, [2014-10-03T20:13:04.451651 #5642]  INFO -- : max231194@gmail.com published velit
I, [2014-10-03T20:13:08.811846 #5642]  INFO -- : max231194@gmail.com published aut
I, [2014-10-03T20:13:42.915488 #5642]  INFO -- : Admin accepted quaerat
I, [2014-10-03T20:13:45.356078 #5642]  INFO -- : Admin accepted possimus
I, [2014-10-03T20:13:47.563522 #5642]  INFO -- : Admin accepted ratione
I, [2014-10-03T20:13:49.671181 #5642]  INFO -- : Admin accepted velit
I, [2014-10-03T20:13:51.379943 #5642]  INFO -- : Admin accepted aut
I, [2014-10-03T21:32:14.671691 #9024]  INFO -- : max231194@gmail.com updated quaerat
I, [2014-10-03T23:22:06.060655 #14536]  INFO -- : max231194@gmail.com updated quaerat
I, [2014-10-03T23:22:23.370800 #14536]  INFO -- : max231194@gmail.com updated quaerat
I, [2014-10-03T23:22:41.618588 #14536]  INFO -- : max231194@gmail.com updated quaerat
I, [2014-10-03T23:25:39.141966 #14536]  INFO -- : max231194@gmail.com updated quaerat
I, [2014-10-03T23:25:51.141493 #14536]  INFO -- : max231194@gmail.com updated quaerat
I, [2014-10-03T23:30:13.818128 #14536]  INFO -- : max231194@gmail.com updated quaerat
I, [2014-10-04T16:26:02.871122 #29195]  INFO -- : max231194@gmail.com published et
I, [2014-10-04T16:26:06.376953 #29195]  INFO -- : max231194@gmail.com published vitae
I, [2014-10-04T16:26:07.730466 #29195]  INFO -- : max231194@gmail.com published voluptatem
I, [2014-10-04T16:26:31.758997 #29195]  INFO -- : Admin accepted et
I, [2014-10-04T16:26:32.714789 #29195]  INFO -- : Admin accepted voluptatem
I, [2014-10-04T16:26:34.769806 #29195]  INFO -- : Admin accepted vitae
I, [2014-10-04T17:39:47.424446 #29195]  INFO -- : max231194@gmail.com updated etoo
I, [2014-10-04T17:39:58.480834 #29195]  INFO -- : max231194@gmail.com updated etoo
I, [2014-10-04T18:36:25.464047 #29195]  INFO -- : change@me-298663516-twitter.com published ad
I, [2014-10-04T18:36:27.006927 #29195]  INFO -- : change@me-298663516-twitter.com published quam
I, [2014-10-04T18:36:31.222578 #29195]  INFO -- : change@me-298663516-twitter.com published voluptatum
I, [2014-10-04T18:36:48.184585 #29195]  INFO -- : Admin accepted ad
I, [2014-10-04T18:36:49.561314 #29195]  INFO -- : Admin accepted quam
I, [2014-10-04T18:36:51.602200 #29195]  INFO -- : Admin accepted voluptatum
I, [2014-10-04T19:09:08.518374 #29195]  INFO -- : change@me-56320099-vkontakte.com published aut
I, [2014-10-04T19:09:09.748798 #29195]  INFO -- : change@me-56320099-vkontakte.com published animi
I, [2014-10-04T19:09:13.045084 #29195]  INFO -- : change@me-56320099-vkontakte.com published sint
I, [2014-10-07T17:40:35.376024 #18024]  INFO -- : aleandra@kerluke.info updated enim
I, [2014-10-07T17:59:01.756486 #18603]  INFO -- : hipolito_brakus@crist.info updated possimus
I, [2014-10-07T18:00:01.327931 #18633]  INFO -- : patsy@connelly.biz updated dolores
I, [2014-10-07T18:02:41.829202 #18759]  INFO -- : bianka@durgan.name updated maxime
I, [2014-10-07T18:07:28.351414 #18834]  INFO -- : carmela_christiansen@mosciskibergnaum.com updated natus
I, [2014-10-07T18:09:12.402059 #18867]  INFO -- : rupert@klingryan.name updated voluptatem
I, [2014-10-07T18:15:04.611496 #19042]  INFO -- : isabell@carter.org updated magnam
I, [2014-10-07T18:15:05.164591 #19042]  INFO -- : casandra_wolf@casper.net published incidunt
I, [2014-10-07T18:16:37.295804 #19080]  INFO -- : michelle@lang.org updated rem
I, [2014-10-07T18:17:21.015309 #19097]  INFO -- : margarette@schimmelgreenfelder.info updated et
I, [2014-10-07T18:17:40.768526 #19108]  INFO -- : patricia_lehner@wolf.net updated tempora
I, [2014-10-07T18:18:07.638219 #19119]  INFO -- : mellie@ratke.biz updated voluptas
I, [2014-10-07T18:18:08.203367 #19119]  INFO -- : tyree.rohan@abbott.org published minima
I, [2014-10-07T18:18:24.666357 #19129]  INFO -- : nella@block.info updated est
I, [2014-10-07T18:19:10.776474 #19143]  INFO -- : ladarius@grimes.name updated iure
I, [2014-10-07T18:19:11.340066 #19143]  INFO -- : juliet_wiegand@schroederborer.biz published laboriosam
I, [2014-10-07T19:04:11.577242 #20946]  INFO -- : aleandro@blanda.net updated adipisci
I, [2014-10-07T19:04:12.135916 #20946]  INFO -- : floie@langosh.name published omnis
I, [2014-10-07T19:05:00.384227 #20967]  INFO -- : cordia_stehr@greenfelderjacobs.com updated nihil
I, [2014-10-07T19:43:43.287445 #23048]  INFO -- : alberto@paucek.com updated maiores
I, [2014-10-07T19:45:57.304312 #23099]  INFO -- : eli_upton@howell.name updated quisquam
I, [2014-10-07T19:47:04.209850 #23123]  INFO -- : brooks@wolff.biz updated distinctio
I, [2014-10-07T19:49:08.522505 #23164]  INFO -- : selena.mills@bechtelar.net updated veritatis
I, [2014-10-07T19:51:53.904809 #23327]  INFO -- : delmer.barrows@kutch.biz updated odit
I, [2014-10-07T19:53:20.664493 #23352]  INFO -- : jeremy_steuber@bogan.biz updated ut
I, [2014-10-07T19:55:31.268912 #23386]  INFO -- : stephon@daniel.name updated numquam
I, [2014-10-07T19:56:23.434821 #23403]  INFO -- : colby@simonis.biz updated distinctio
I, [2014-10-07T20:00:35.777806 #23532]  INFO -- : hayley_greenfelder@rowe.info updated ut
I, [2014-10-07T20:03:22.093574 #23582]  INFO -- : wilma_leannon@heathcote.biz updated quisquam
I, [2014-10-07T20:05:20.539058 #23608]  INFO -- : dasia@stoltenberg.org updated asperiores
I, [2014-10-07T20:07:25.845624 #23652]  INFO -- : eulah@runolfsdottir.net updated dolores
I, [2014-10-07T20:07:57.662509 #23665]  INFO -- : trenton@schowalter.org updated reprehenderit
I, [2014-10-07T20:17:41.097992 #23904]  INFO -- : aliza_tillman@metzrunolfon.org updated quo
I, [2014-10-07T21:17:31.394575 #25395]  INFO -- : layla@naderhayes.net updated aut
I, [2014-10-07T21:30:03.265674 #25691]  INFO -- : elenora_gottlieb@ko.name updated quos
I, [2014-10-07T21:44:08.471822 #26043]  INFO -- : kyla.tromp@boylereynolds.net updated consequatur
I, [2014-10-07T21:55:38.406505 #26360]  INFO -- : caleigh@king.com updated animi
I, [2014-10-07T21:56:02.339563 #26381]  INFO -- : micheal@gleason.info updated doloremque
I, [2014-10-07T22:27:31.028373 #27509]  INFO -- : terrance.schneider@muller.biz updated similique
I, [2014-10-07T22:52:35.863502 #28226]  INFO -- : max231194@gmail.com published et
I, [2014-10-07T22:52:37.274004 #28226]  INFO -- : max231194@gmail.com published voluptas
I, [2014-10-07T22:52:40.214052 #28226]  INFO -- : max231194@gmail.com published non
I, [2014-10-07T22:52:58.139390 #28226]  INFO -- : Admin accepted et
I, [2014-10-07T22:53:00.371137 #28226]  INFO -- : Admin accepted voluptas
I, [2014-10-07T22:53:02.212329 #28226]  INFO -- : Admin accepted non
I, [2014-10-07T23:16:52.432211 #29347]  INFO -- : caleb.brown@towne.org updated maiores
I, [2014-10-08T20:36:34.852970 #14253]  INFO -- : rudy_tromp@purdy.net updated mollitia
I, [2014-10-08T21:50:28.149391 #16281]  INFO -- : ashley@heelschneider.biz updated tempora
I, [2014-10-08T21:56:07.359109 #16428]  INFO -- : max231194@gmail.com destroyed dmswefkmwekfm
I, [2014-10-09T00:34:30.916407 #20806]  INFO -- : gianni@langquitzon.biz updated aliquam
I, [2014-10-09T00:35:09.505701 #20824]  INFO -- : jackeline@rolfson.com updated ipsam
I, [2014-10-09T12:22:26.607842 #7083]  INFO -- : max231194@gmail.com updated et
I, [2014-10-09T12:23:18.445574 #7083]  INFO -- : max231194@gmail.com destroyed et
I, [2014-10-09T12:26:27.137150 #7083]  INFO -- : max231194@gmail.com published voluptas
I, [2014-10-09T12:26:29.627499 #7083]  INFO -- : max231194@gmail.com published non
I, [2014-10-09T12:26:47.791837 #7083]  INFO -- : Admin accepted voluptas
I, [2014-10-09T12:26:53.727749 #7083]  INFO -- : Admin accepted non
I, [2014-10-24T12:10:00.581952 #3758]  INFO -- : arch.cormier@bauchsipes.com updated rem
I, [2014-10-24T12:16:03.794630 #3991]  INFO -- : hollie.langosh@okuneva.com updated amet
I, [2014-10-24T12:22:23.486006 #4168]  INFO -- : brett@lockman.com updated eligendi
I, [2014-10-24T12:26:51.822213 #4244]  INFO -- : rosalee.kohler@connokeefe.biz updated sapiente
I, [2014-10-24T12:30:12.599413 #4363]  INFO -- : immanuel.oconner@graham.name updated amet
I, [2014-10-24T13:04:21.964617 #6177]  INFO -- : else@millervon.net updated ut
I, [2014-10-24T13:20:57.243593 #7861]  INFO -- : neva@johnston.name updated officia
I, [2014-10-24T22:54:03.317849 #5315]  INFO -- : change@me-56320099-vkontakte.com published New addvert
I, [2014-10-24T22:54:08.313210 #5315]  INFO -- : change@me-56320099-vkontakte.com archivated New addvert
I, [2014-10-24T22:54:12.185961 #5315]  INFO -- : change@me-56320099-vkontakte.com published New addvert
I, [2014-10-24T22:54:15.645178 #5315]  INFO -- : change@me-56320099-vkontakte.com archivated New addvert
I, [2014-10-24T22:56:20.861519 #5979]  INFO -- : arvid@cole.biz updated earum
I, [2014-10-24T23:01:18.140523 #6213]  INFO -- : vaughn_ziemann@rath.org updated et
I, [2014-10-24T23:05:58.483733 #6327]  INFO -- : amanda@walter.org updated ut
I, [2014-10-24T23:08:34.536551 #6380]  INFO -- : frederik@luettgencormier.biz updated laboriosam
I, [2014-10-24T23:15:15.022898 #6576]  INFO -- : alivia.beier@mclaughlineichmann.info updated cupiditate
I, [2014-10-24T23:18:43.519203 #6279]  INFO -- : change@me-56320099-vkontakte.com updated New addvert
I, [2014-10-24T23:20:29.043322 #6760]  INFO -- : ervin@lindgren.biz updated dicta
I, [2014-10-24T23:20:42.386405 #6768]  INFO -- : vernice@hansen.net updated sapiente
I, [2014-10-24T23:25:26.532981 #6845]  INFO -- : jedediah@little.org updated sint
I, [2014-10-25T02:17:26.962479 #11705]  INFO -- : gabriella_hayes@rogahn.info updated quod
I, [2014-10-25T02:23:34.454148 #11936]  INFO -- : garrison.lehner@moen.net updated ut
I, [2014-10-25T02:24:38.536534 #11958]  INFO -- : bettye.bruen@macgyver.biz updated enim
I, [2014-10-25T02:25:36.458291 #11980]  INFO -- : gerda_sporer@harber.biz updated qui
I, [2014-10-25T02:28:17.323389 #12023]  INFO -- : juliet@stroman.name updated reiciendis
I, [2014-10-25T02:29:13.496624 #12043]  INFO -- : stanton.greenfelder@block.org updated aut
I, [2014-10-25T02:29:49.201743 #12060]  INFO -- : myriam.lockman@collier.org updated vitae
I, [2014-10-25T02:31:47.421907 #12473]  INFO -- : jamel@gusikowskioconnell.info updated occaecati
I, [2014-10-25T02:32:43.115777 #12491]  INFO -- : colby@whitecarroll.net updated aspernatur
I, [2014-10-25T11:35:49.887728 #19186]  INFO -- : samara@hayesgoodwin.info updated temporibus
I, [2014-10-25T11:36:57.121096 #19212]  INFO -- : earnest@kreiger.net updated asperiores
I, [2014-10-25T11:40:10.914926 #19349]  INFO -- : sam.sporer@stanton.net updated non
I, [2014-10-25T11:46:10.650567 #19760]  INFO -- : mireille@bergstrom.com updated quo
I, [2014-10-25T11:47:43.147057 #19795]  INFO -- : horace@hartmann.biz updated rerum
I, [2014-10-25T11:52:51.889553 #19952]  INFO -- : mable@schinner.info updated voluptas
I, [2014-10-25T11:56:36.593725 #20016]  INFO -- : wendell@schuster.org updated blanditiis
I, [2014-10-25T11:59:43.082615 #20073]  INFO -- : ethel_harber@weber.com updated itaque
I, [2014-10-25T12:05:13.828956 #20225]  INFO -- : lou_braun@lynch.net updated consequatur
I, [2014-10-25T12:06:15.085347 #20554]  INFO -- : amos@goldner.net updated vel
I, [2014-10-25T12:06:34.542029 #20864]  INFO -- : anabel@parker.info updated inventore
I, [2014-10-25T12:07:02.714040 #21176]  INFO -- : caterina.donnelly@fritsch.org updated earum
I, [2014-10-25T12:08:14.445515 #21803]  INFO -- : lester.schmitt@runolfsdottirgislason.info updated ea
I, [2014-10-25T12:11:58.231055 #22081]  INFO -- : angelo@kilbackbednar.name updated cumque
I, [2014-10-25T12:12:29.213309 #22098]  INFO -- : abbey@schroeder.org updated hic
I, [2014-10-25T12:12:56.890577 #22116]  INFO -- : afton@fritsch.name updated nesciunt
I, [2014-10-25T12:16:24.347643 #22246]  INFO -- : claudie@ullrichbauch.com updated necessitatibus
I, [2014-10-25T12:16:52.152069 #22261]  INFO -- : frederick_mcdermott@jacobson.org updated rerum
I, [2014-10-25T12:19:54.177882 #22357]  INFO -- : arnold.walsh@gulgowski.com updated ratione
I, [2014-10-25T12:20:39.241794 #22444]  INFO -- : julius@heaney.org updated incidunt
I, [2014-10-25T12:21:53.141339 #22467]  INFO -- : destini.dietrich@lakintremblay.com updated explicabo
I, [2014-10-25T12:23:10.294136 #22491]  INFO -- : braulio@hamill.com updated sequi
I, [2014-10-25T12:23:56.408750 #22511]  INFO -- : tillman.koepp@mohr.name updated veritatis
I, [2014-10-25T12:24:39.911001 #22528]  INFO -- : zella@sauerbrown.name updated quidem
I, [2014-10-25T12:25:24.240131 #22545]  INFO -- : grayson@casper.org updated aspernatur
I, [2014-10-25T12:25:52.940705 #22565]  INFO -- : lisa@davis.com updated facere
I, [2014-10-25T12:26:51.577892 #22587]  INFO -- : annamae_gerlach@bogisichkemmer.net updated aut
I, [2014-10-25T12:27:20.365523 #22600]  INFO -- : declan_ortiz@padberg.com updated debitis
I, [2014-10-25T12:34:06.287621 #22786]  INFO -- : eunice@considinesanford.com updated culpa
I, [2014-10-25T12:35:28.839124 #22811]  INFO -- : ally_fritsch@deckow.com updated eum
I, [2014-10-25T12:37:01.569688 #22839]  INFO -- : glennie.ankunding@gorczanygrady.info updated ea
I, [2014-10-25T12:38:40.909763 #22870]  INFO -- : sofia@torphy.net updated quos
I, [2014-10-25T12:49:25.853172 #23862]  INFO -- : hobart@bradtke.com updated quia
I, [2014-10-25T12:50:32.148134 #23960]  INFO -- : davin_smitham@bogisichglover.net updated dolor
I, [2014-10-25T12:51:00.321465 #23977]  INFO -- : augustine@schneiderklocko.com updated perferendis
I, [2014-10-25T12:53:20.458321 #24162]  INFO -- : amina@caspermorar.biz updated mollitia
I, [2014-10-25T12:53:57.452087 #24177]  INFO -- : ambrose@cummings.net updated quod
I, [2014-10-25T12:54:59.721875 #24203]  INFO -- : shayne@creminschinner.org updated culpa
I, [2014-10-25T12:55:25.200492 #24217]  INFO -- : darlene@schaden.name updated corrupti
I, [2014-10-25T12:56:09.096160 #24238]  INFO -- : dock.grimes@greenholt.com updated et
I, [2014-10-25T12:56:45.500382 #24254]  INFO -- : ubaldo@anderson.com updated dolor
I, [2014-10-25T12:57:22.793199 #24275]  INFO -- : hugh_cremin@terryconn.info updated facilis
I, [2014-10-25T13:07:55.617786 #25087]  INFO -- : austyn@reichelcrist.info updated quae
I, [2014-10-25T13:09:49.966215 #25120]  INFO -- : waylon@spinka.name updated nemo
I, [2014-10-25T13:10:21.050471 #25205]  INFO -- : ronaldo@gloverkling.info updated odit
I, [2014-10-25T13:11:36.414849 #25232]  INFO -- : arvid.nicolas@schimmelschmitt.name updated ab
I, [2014-10-25T13:12:59.967054 #25567]  INFO -- : modesta@olsonrohan.info updated quibusdam
I, [2014-10-25T13:13:13.554626 #25721]  INFO -- : eliza.ebert@ruecker.name updated itaque
I, [2014-10-25T13:13:37.377729 #26035]  INFO -- : hollis.kilback@willboyle.net updated ut
I, [2014-10-25T13:13:56.785912 #26325]  INFO -- : lesley_rau@dickinson.com updated eum
I, [2014-10-25T13:15:40.902585 #26679]  INFO -- : jayde.durgan@batz.net updated voluptatem
I, [2014-10-25T13:17:14.950848 #26708]  INFO -- : tristin.schmeler@hammes.biz updated quia
I, [2014-10-25T13:17:27.336140 #26716]  INFO -- : ariane_lakin@herzog.org updated occaecati
I, [2014-10-25T13:17:48.444799 #26732]  INFO -- : cheyenne.paucek@bruen.info updated reprehenderit
I, [2014-10-25T15:12:20.925255 #8537]  INFO -- : change@me-56320099-vkontakte.com updated New title
I, [2014-10-25T15:18:46.619614 #11842]  INFO -- : ozella@morarsatterfield.net updated veritatis
I, [2014-10-25T15:34:23.905311 #3456]  INFO -- : ray_goodwin@cormier.org updated placeat
I, [2014-10-25T15:41:51.717176 #3878]  INFO -- : lonie_nolan@wisozk.net updated perferendis
I, [2014-10-25T15:43:49.432789 #3931]  INFO -- : jeyca.quitzon@bartoletti.org updated consequatur
I, [2014-10-25T15:44:04.672964 #3946]  INFO -- : cordelia_veum@bode.name updated incidunt
I, [2014-10-25T15:47:25.309759 #3963]  INFO -- : walter@ullrich.info updated recusandae
I, [2014-10-25T15:47:34.649888 #4353]  INFO -- : alexane.schultz@bogisichkshlerin.name updated asperiores
I, [2014-10-25T15:48:23.250972 #4381]  INFO -- : okey_christiansen@wymanmosciski.name updated sint
I, [2014-10-25T15:48:42.993525 #4391]  INFO -- : aniyah@mclaughlin.info updated minima
I, [2014-10-25T15:49:06.363320 #4408]  INFO -- : major_parisian@kling.org updated quisquam
I, [2014-10-25T15:49:33.602078 #4426]  INFO -- : maci@beahan.name updated natus
I, [2014-10-25T15:50:39.509116 #4451]  INFO -- : kaylah.sporer@prohaskabartell.com updated et
I, [2014-10-25T15:51:16.800841 #4556]  INFO -- : kennedi@kilback.name updated provident
I, [2014-10-25T15:52:00.052307 #4580]  INFO -- : ellsworth@mills.net updated a
I, [2014-10-25T15:52:22.839597 #4594]  INFO -- : rowena.west@millerrau.com updated illo
I, [2014-10-25T15:57:31.855357 #6825]  INFO -- : brett@walsh.org updated voluptatem
I, [2014-10-25T15:59:02.606474 #6866]  INFO -- : narciso@walter.info updated et
I, [2014-10-25T16:00:55.859545 #6976]  INFO -- : beryl@bartellkuhlman.com updated dolores
I, [2014-10-25T16:01:59.329278 #7013]  INFO -- : oleta@schulistbraun.biz updated eius
I, [2014-10-25T16:02:54.470984 #7036]  INFO -- : hillary_swift@heidenreich.info updated sint
I, [2014-10-25T16:05:46.609409 #7128]  INFO -- : destin_mraz@wilderman.org updated quas
I, [2014-10-25T16:06:28.246557 #7159]  INFO -- : sid_crona@rowe.biz updated modi
I, [2014-10-25T16:07:06.794712 #7183]  INFO -- : caitlyn_runolfsdottir@binsterry.org updated numquam
I, [2014-10-25T16:07:53.835668 #7209]  INFO -- : edna_kilback@dare.info updated nesciunt
I, [2014-10-25T20:29:47.597748 #3548]  INFO -- : change@me-298663516-twitter.com updated ejfgnerjn
I, [2014-10-25T20:33:07.503232 #3548]  INFO -- : change@me-298663516-twitter.com updated ejfgnerjn
I, [2014-10-25T20:40:52.809769 #3548]  INFO -- : change@me-298663516-twitter.com updated ejfgnerjn
I, [2014-10-25T20:43:47.394605 #3548]  INFO -- : change@me-298663516-twitter.com updated temp
I, [2014-10-25T21:03:01.589234 #5423]  INFO -- : change@me-298663516-twitter.com updated Temp_2
I, [2014-10-25T21:07:56.733328 #5787]  INFO -- : margret@heller.biz updated accusantium
